<?xml version="1.0" encoding="UTF-8"?>
<!-- Generated by org.testng.reporters.JUnitReportReporter -->
<testsuite hostname="LAPTOP-CJ41LFN6" failures="0" tests="11" name="runner.RunCucumberTest" time="15.113" errors="0" timestamp="2024-01-08T21:05:25 GMT" skipped="0">
  <testcase classname="runner.RunCucumberTest" name="runScenario" time="0.182"/>
  <testcase classname="runner.RunCucumberTest" name="runScenario" time="1.867"/>
  <testcase classname="runner.RunCucumberTest" name="runScenario" time="1.810"/>
  <testcase classname="runner.RunCucumberTest" name="runScenario" time="1.869"/>
  <testcase classname="runner.RunCucumberTest" name="runScenario" time="0.187"/>
  <testcase classname="runner.RunCucumberTest" name="runScenario" time="1.867"/>
  <testcase classname="runner.RunCucumberTest" name="runScenario" time="1.812"/>
  <testcase classname="runner.RunCucumberTest" name="runScenario" time="1.817"/>
  <testcase classname="runner.RunCucumberTest" name="runScenario" time="1.868"/>
  <testcase classname="runner.RunCucumberTest" name="runScenario" time="1.820"/>
  <testcase classname="runner.RunCucumberTest" name="runScenario" time="0.014"/>
</testsuite> <!-- runner.RunCucumberTest -->
